<?xml version="1.0" encoding="UTF-8"?>
<!-- Generated by org.testng.reporters.JUnitReportReporter -->
<testsuite hostname="LAPTOP-62AUVG9D" failures="0" tests="1" name="assignments.Assignment06" time="47.642" errors="0" timestamp="2025-09-07T13:57:05 IST" skipped="0">
  <testcase classname="assignments.Assignment06" name="assignment06Test" time="47.642"/>
</testsuite> <!-- assignments.Assignment06 -->
