<?xml version="1.0" encoding="UTF-8"?>
<!-- Generated by org.testng.reporters.JUnitReportReporter -->
<testsuite hostname="LAPTOP-62AUVG9D" failures="0" tests="1" name="windowhandling.WindowHandlingProgram" time="42.169" errors="0" timestamp="2025-09-06T14:09:36 IST" skipped="0">
  <testcase classname="windowhandling.WindowHandlingProgram" name="windowHandlingProgramTest" time="42.169"/>
</testsuite> <!-- windowhandling.WindowHandlingProgram -->
