<?xml version="1.0" encoding="UTF-8"?>
<!-- Generated by org.testng.reporters.JUnitReportReporter -->
<testsuite hostname="LAPTOP-62AUVG9D" failures="0" tests="1" name="assignments.Assignment04" time="31.278" errors="0" timestamp="2025-09-05T21:59:26 IST" skipped="0">
  <testcase classname="assignments.Assignment04" name="assignment03" time="31.278"/>
</testsuite> <!-- assignments.Assignment04 -->
