<?xml version="1.0" encoding="UTF-8"?>
<!-- Generated by org.testng.reporters.JUnitReportReporter -->
<testsuite hostname="LAPTOP-62AUVG9D" failures="0" tests="1" name="assignments.Assignment03" time="23.819" errors="0" timestamp="2025-09-04T21:39:13 IST" skipped="0">
  <testcase classname="assignments.Assignment03" name="assignment03" time="23.819"/>
</testsuite> <!-- assignments.Assignment03 -->
