<?xml version="1.0" encoding="UTF-8"?>
<!-- Generated by org.testng.reporters.JUnitReportReporter -->
<testsuite hostname="LAPTOP-62AUVG9D" failures="0" tests="1" name="alllinkstesting.AllLinksTesting" time="16.291" errors="0" timestamp="2025-09-02T21:26:37 IST" skipped="0">
  <testcase classname="alllinkstesting.AllLinksTesting" name="allLinksExecuteHere" time="16.291"/>
</testsuite> <!-- alllinkstesting.AllLinksTesting -->
